<?xml version="1.0" encoding="UTF-8"?>
<testng-results skipped="0" failed="0" total="1" passed="1">
  <reporter-output>
  </reporter-output>
  <suite name="Default suite" duration-ms="196" started-at="2017-11-18T06:20:08Z" finished-at="2017-11-18T06:20:08Z">
    <groups>
    </groups>
    <test name="Default test" duration-ms="196" started-at="2017-11-18T06:20:08Z" finished-at="2017-11-18T06:20:08Z">
      <class name="nov_18.ReadDataFromPropFile">
        <test-method status="PASS" signature="readDataFrmPropFile()[pri:0, instance:nov_18.ReadDataFromPropFile@11d2887]" name="readDataFrmPropFile" duration-ms="96" started-at="2017-11-18T11:50:08Z" finished-at="2017-11-18T11:50:08Z">
          <reporter-output>
          </reporter-output>
        </test-method> <!-- readDataFrmPropFile -->
      </class> <!-- nov_18.ReadDataFromPropFile -->
    </test> <!-- Default test -->
  </suite> <!-- Default suite -->
</testng-results>
